TN:
SF:src/App.tsx
FN:13,AppRoutes
FN:30,(anonymous_1)
FN:51,(anonymous_2)
FN:62,App
FNF:4
FNH:0
FNDA:0,AppRoutes
FNDA:0,(anonymous_1)
FNDA:0,(anonymous_2)
FNDA:0,App
DA:14,0
DA:15,0
DA:17,0
DA:31,0
DA:52,0
DA:63,0
LF:6
LH:0
BRDA:35,0,0,0
BRDA:35,0,1,0
BRF:2
BRH:0
end_of_record
TN:
SF:src/main.tsx
FNF:0
FNH:0
DA:6,0
LF:1
LH:0
BRF:0
BRH:0
end_of_record
TN:
SF:src/api/activity.ts
FN:13,(anonymous_0)
FN:14,(anonymous_1)
FNF:2
FNH:0
FNDA:0,(anonymous_0)
FNDA:0,(anonymous_1)
DA:11,0
DA:14,0
LF:2
LH:0
BRDA:13,0,0,0
BRF:1
BRH:0
end_of_record
TN:
SF:src/api/auth.ts
FN:13,(anonymous_0)
FN:13,(anonymous_1)
FN:14,(anonymous_2)
FN:14,(anonymous_3)
FN:15,(anonymous_4)
FN:15,(anonymous_5)
FN:16,(anonymous_6)
FN:16,(anonymous_7)
FN:17,(anonymous_8)
FN:20,(anonymous_9)
FNF:10
FNH:10
FNDA:1,(anonymous_0)
FNDA:1,(anonymous_1)
FNDA:1,(anonymous_2)
FNDA:1,(anonymous_3)
FNDA:1,(anonymous_4)
FNDA:1,(anonymous_5)
FNDA:1,(anonymous_6)
FNDA:1,(anonymous_7)
FNDA:2,(anonymous_8)
FNDA:2,(anonymous_9)
DA:12,1
DA:13,1
DA:14,1
DA:15,1
DA:16,1
DA:18,2
DA:19,2
DA:20,2
LF:8
LH:8
BRDA:19,0,0,1
BRDA:19,0,1,1
BRF:2
BRH:2
end_of_record
TN:
SF:src/api/client.ts
FN:5,getStoredTokens
FN:13,storeTokens
FN:17,clearTokens
FN:28,(anonymous_3)
FN:40,processQueue
FN:41,(anonymous_5)
FN:46,(anonymous_6)
FN:48,(anonymous_7)
FN:61,(anonymous_8)
FN:63,(anonymous_9)
FNF:10
FNH:3
FNDA:4,getStoredTokens
FNDA:2,storeTokens
FNDA:1,clearTokens
FNDA:0,(anonymous_3)
FNDA:0,processQueue
FNDA:0,(anonymous_5)
FNDA:0,(anonymous_6)
FNDA:0,(anonymous_7)
FNDA:0,(anonymous_8)
FNDA:0,(anonymous_9)
DA:3,1
DA:6,4
DA:7,4
DA:8,4
DA:9,2
DA:10,1
DA:14,2
DA:18,1
DA:23,1
DA:25,1
DA:28,1
DA:29,0
DA:30,0
DA:31,0
DA:33,0
DA:37,1
DA:38,1
DA:41,0
DA:42,0
DA:46,1
DA:47,0
DA:49,0
DA:50,0
DA:53,0
DA:54,0
DA:55,0
DA:56,0
DA:57,0
DA:58,0
DA:60,0
DA:61,0
DA:62,0
DA:63,0
DA:65,0
DA:66,0
DA:67,0
DA:68,0
DA:69,0
DA:70,0
DA:71,0
DA:72,0
DA:73,0
DA:75,0
DA:76,0
DA:77,0
DA:78,0
DA:80,0
DA:88,0
LF:48
LH:14
BRDA:8,0,0,2
BRDA:8,0,1,2
BRDA:23,1,0,1
BRDA:23,1,1,1
BRDA:30,2,0,0
BRDA:30,2,1,0
BRDA:41,3,0,0
BRDA:41,3,1,0
BRDA:53,4,0,0
BRDA:53,4,1,0
BRDA:53,5,0,0
BRDA:53,5,1,0
BRDA:55,6,0,0
BRDA:55,6,1,0
BRDA:60,7,0,0
BRDA:60,7,1,0
BRF:16
BRH:4
end_of_record
TN:
SF:src/api/error.ts
FN:18,extractError
FN:36,isForbidden
FN:42,extractForbiddenDetails
FNF:3
FNH:3
FNDA:8,extractError
FNDA:3,isForbidden
FNDA:2,extractForbiddenDetails
DA:19,8
DA:20,8
DA:21,8
DA:24,8
DA:25,7
DA:26,6
DA:27,4
DA:28,3
DA:29,2
DA:32,1
DA:37,3
DA:38,3
DA:47,2
DA:48,2
DA:49,2
DA:50,2
LF:16
LH:16
BRDA:18,0,0,8
BRDA:24,1,0,1
BRDA:24,1,1,7
BRDA:25,2,0,1
BRDA:25,2,1,6
BRDA:26,3,0,2
BRDA:26,3,1,4
BRDA:26,4,0,2
BRDA:26,4,1,1
BRDA:26,4,2,0
BRDA:27,5,0,1
BRDA:27,5,1,3
BRDA:28,6,0,1
BRDA:28,6,1,2
BRDA:28,7,0,3
BRDA:28,7,1,2
BRDA:29,8,0,1
BRDA:29,8,1,1
BRDA:32,9,0,1
BRDA:32,9,1,1
BRDA:32,9,2,1
BRDA:51,10,0,2
BRDA:51,10,1,1
BRF:23
BRH:22
end_of_record
TN:
SF:src/api/menus.ts
FN:45,(anonymous_0)
FN:45,(anonymous_1)
FN:48,(anonymous_2)
FN:49,(anonymous_3)
FN:52,(anonymous_4)
FN:53,(anonymous_5)
FN:56,(anonymous_6)
FN:57,(anonymous_7)
FN:60,(anonymous_8)
FN:63,(anonymous_9)
FN:64,(anonymous_10)
FN:67,(anonymous_11)
FN:68,(anonymous_12)
FN:71,(anonymous_13)
FNF:14
FNH:0
FNDA:0,(anonymous_0)
FNDA:0,(anonymous_1)
FNDA:0,(anonymous_2)
FNDA:0,(anonymous_3)
FNDA:0,(anonymous_4)
FNDA:0,(anonymous_5)
FNDA:0,(anonymous_6)
FNDA:0,(anonymous_7)
FNDA:0,(anonymous_8)
FNDA:0,(anonymous_9)
FNDA:0,(anonymous_10)
FNDA:0,(anonymous_11)
FNDA:0,(anonymous_12)
FNDA:0,(anonymous_13)
DA:43,0
DA:45,0
DA:49,0
DA:53,0
DA:57,0
DA:60,0
DA:64,0
DA:68,0
DA:72,0
LF:9
LH:0
BRF:0
BRH:0
end_of_record
TN:
SF:src/api/modules.ts
FN:7,(anonymous_0)
FN:7,(anonymous_1)
FN:8,(anonymous_2)
FN:8,(anonymous_3)
FN:9,(anonymous_4)
FN:9,(anonymous_5)
FN:10,(anonymous_6)
FN:10,(anonymous_7)
FN:11,(anonymous_8)
FN:12,(anonymous_9)
FN:13,(anonymous_10)
FN:13,(anonymous_11)
FN:14,(anonymous_12)
FNF:13
FNH:13
FNDA:1,(anonymous_0)
FNDA:1,(anonymous_1)
FNDA:1,(anonymous_2)
FNDA:1,(anonymous_3)
FNDA:1,(anonymous_4)
FNDA:1,(anonymous_5)
FNDA:1,(anonymous_6)
FNDA:1,(anonymous_7)
FNDA:1,(anonymous_8)
FNDA:1,(anonymous_9)
FNDA:1,(anonymous_10)
FNDA:1,(anonymous_11)
FNDA:1,(anonymous_12)
DA:6,1
DA:7,1
DA:8,1
DA:9,1
DA:10,1
DA:11,1
DA:12,1
DA:13,1
DA:14,1
LF:9
LH:9
BRF:0
BRH:0
end_of_record
TN:
SF:src/api/permissions.ts
FN:10,(anonymous_0)
FN:11,(anonymous_1)
FNF:2
FNH:2
FNDA:1,(anonymous_0)
FNDA:1,(anonymous_1)
DA:9,1
DA:11,1
LF:2
LH:2
BRF:0
BRH:0
end_of_record
TN:
SF:src/api/roles.ts
FN:37,(anonymous_0)
FN:37,(anonymous_1)
FN:40,(anonymous_2)
FN:40,(anonymous_3)
FN:43,(anonymous_4)
FN:44,(anonymous_5)
FN:47,(anonymous_6)
FN:48,(anonymous_7)
FN:51,(anonymous_8)
FN:54,(anonymous_9)
FN:55,(anonymous_10)
FN:58,(anonymous_11)
FN:59,(anonymous_12)
FN:62,(anonymous_13)
FN:66,(anonymous_14)
FN:67,(anonymous_15)
FN:70,(anonymous_16)
FN:71,(anonymous_17)
FN:74,(anonymous_18)
FNF:19
FNH:19
FNDA:1,(anonymous_0)
FNDA:1,(anonymous_1)
FNDA:1,(anonymous_2)
FNDA:1,(anonymous_3)
FNDA:1,(anonymous_4)
FNDA:1,(anonymous_5)
FNDA:1,(anonymous_6)
FNDA:1,(anonymous_7)
FNDA:1,(anonymous_8)
FNDA:1,(anonymous_9)
FNDA:1,(anonymous_10)
FNDA:1,(anonymous_11)
FNDA:1,(anonymous_12)
FNDA:1,(anonymous_13)
FNDA:1,(anonymous_14)
FNDA:1,(anonymous_15)
FNDA:1,(anonymous_16)
FNDA:1,(anonymous_17)
FNDA:1,(anonymous_18)
DA:35,1
DA:37,1
DA:40,1
DA:44,1
DA:48,1
DA:51,1
DA:55,1
DA:59,1
DA:63,1
DA:67,1
DA:71,1
DA:75,1
LF:12
LH:12
BRF:0
BRH:0
end_of_record
TN:
SF:src/api/services.ts
FN:30,(anonymous_0)
FN:30,(anonymous_1)
FN:33,(anonymous_2)
FN:34,(anonymous_3)
FN:37,(anonymous_4)
FN:38,(anonymous_5)
FN:41,(anonymous_6)
FNF:7
FNH:0
FNDA:0,(anonymous_0)
FNDA:0,(anonymous_1)
FNDA:0,(anonymous_2)
FNDA:0,(anonymous_3)
FNDA:0,(anonymous_4)
FNDA:0,(anonymous_5)
FNDA:0,(anonymous_6)
DA:28,0
DA:30,0
DA:34,0
DA:38,0
DA:41,0
LF:5
LH:0
BRF:0
BRH:0
end_of_record
TN:
SF:src/api/users.ts
FN:45,(anonymous_0)
FN:46,(anonymous_1)
FN:49,(anonymous_2)
FN:49,(anonymous_3)
FN:52,(anonymous_4)
FN:53,(anonymous_5)
FN:56,(anonymous_6)
FN:57,(anonymous_7)
FN:60,(anonymous_8)
FN:63,(anonymous_9)
FN:64,(anonymous_10)
FN:67,(anonymous_11)
FN:68,(anonymous_12)
FN:71,(anonymous_13)
FNF:14
FNH:14
FNDA:2,(anonymous_0)
FNDA:2,(anonymous_1)
FNDA:1,(anonymous_2)
FNDA:1,(anonymous_3)
FNDA:1,(anonymous_4)
FNDA:1,(anonymous_5)
FNDA:1,(anonymous_6)
FNDA:1,(anonymous_7)
FNDA:1,(anonymous_8)
FNDA:1,(anonymous_9)
FNDA:1,(anonymous_10)
FNDA:1,(anonymous_11)
FNDA:1,(anonymous_12)
FNDA:1,(anonymous_13)
DA:43,1
DA:46,2
DA:49,1
DA:53,1
DA:57,1
DA:60,1
DA:64,1
DA:68,1
DA:72,1
LF:9
LH:9
BRDA:45,0,0,2
BRDA:45,1,0,2
BRF:2
BRH:2
end_of_record
TN:
SF:src/components/Layout.tsx
FN:6,Layout
FN:11,(anonymous_1)
FN:15,(anonymous_2)
FNF:3
FNH:3
FNDA:6,Layout
FNDA:1,(anonymous_1)
FNDA:2,(anonymous_2)
DA:7,6
DA:9,6
DA:11,1
DA:15,2
LF:4
LH:4
BRF:0
BRH:0
end_of_record
TN:
SF:src/components/ProtectedRoute.tsx
FN:16,ProtectedRoute
FNF:1
FNH:1
FNDA:5,ProtectedRoute
DA:17,5
DA:19,5
DA:20,1
DA:27,4
DA:28,1
DA:31,3
DA:32,1
DA:43,2
LF:8
LH:8
BRDA:19,0,0,1
BRDA:19,0,1,4
BRDA:27,1,0,1
BRDA:27,1,1,3
BRDA:31,2,0,1
BRDA:31,2,1,2
BRDA:31,3,0,3
BRDA:31,3,1,2
BRF:8
BRH:8
end_of_record
TN:
SF:src/components/Sidebar.tsx
FN:35,(anonymous_0)
FN:42,MenuNodeItem
FN:49,(anonymous_2)
FN:59,(anonymous_3)
FN:68,(anonymous_4)
FN:77,Sidebar
FN:80,(anonymous_6)
FN:121,(anonymous_7)
FN:130,(anonymous_8)
FN:139,(anonymous_9)
FN:140,(anonymous_10)
FNF:11
FNH:0
FNDA:0,(anonymous_0)
FNDA:0,MenuNodeItem
FNDA:0,(anonymous_2)
FNDA:0,(anonymous_3)
FNDA:0,(anonymous_4)
FNDA:0,Sidebar
FNDA:0,(anonymous_6)
FNDA:0,(anonymous_7)
FNDA:0,(anonymous_8)
FNDA:0,(anonymous_9)
FNDA:0,(anonymous_10)
DA:27,0
DA:35,0
DA:36,0
DA:43,0
DA:44,0
DA:46,0
DA:47,0
DA:48,0
DA:49,0
DA:56,0
DA:59,0
DA:69,0
DA:78,0
DA:80,0
DA:81,0
DA:83,0
DA:121,0
DA:131,0
DA:140,0
LF:19
LH:0
BRDA:37,0,0,0
BRDA:37,0,1,0
BRDA:46,1,0,0
BRDA:46,1,1,0
BRDA:47,2,0,0
BRDA:47,2,1,0
BRDA:63,3,0,0
BRDA:63,3,1,0
BRDA:66,4,0,0
BRDA:66,4,1,0
BRDA:81,5,0,0
BRDA:81,5,1,0
BRDA:85,6,0,0
BRDA:85,6,1,0
BRDA:88,7,0,0
BRDA:88,7,1,0
BRDA:112,8,0,0
BRDA:112,8,1,0
BRDA:126,9,0,0
BRDA:126,9,1,0
BRDA:128,10,0,0
BRDA:128,10,1,0
BRDA:136,11,0,0
BRDA:136,11,1,0
BRDA:148,12,0,0
BRDA:148,12,1,0
BRDA:148,12,2,0
BRDA:148,12,3,0
BRF:28
BRH:0
end_of_record
TN:
SF:src/components/ui/ActivityFeed.tsx
FN:15,formatRelativeTime
FN:36,ActivityFeed
FN:40,(anonymous_2)
FN:43,(anonymous_3)
FN:46,(anonymous_4)
FN:49,(anonymous_5)
FN:52,(anonymous_6)
FN:79,(anonymous_7)
FNF:8
FNH:0
FNDA:0,formatRelativeTime
FNDA:0,ActivityFeed
FNDA:0,(anonymous_2)
FNDA:0,(anonymous_3)
FNDA:0,(anonymous_4)
FNDA:0,(anonymous_5)
FNDA:0,(anonymous_6)
FNDA:0,(anonymous_7)
DA:7,0
DA:16,0
DA:17,0
DA:19,0
DA:20,0
DA:21,0
DA:23,0
DA:24,0
DA:25,0
DA:26,0
DA:28,0
DA:29,0
DA:30,0
DA:32,0
DA:33,0
DA:37,0
DA:38,0
DA:40,0
DA:41,0
DA:42,0
DA:44,0
DA:47,0
DA:50,0
DA:52,0
DA:53,0
DA:57,0
DA:58,0
DA:68,0
DA:69,0
DA:77,0
DA:80,0
DA:81,0
LF:32
LH:0
BRDA:23,0,0,0
BRDA:23,0,1,0
BRDA:24,1,0,0
BRDA:24,1,1,0
BRDA:26,2,0,0
BRDA:26,2,1,0
BRDA:28,3,0,0
BRDA:28,3,1,0
BRDA:30,4,0,0
BRDA:30,4,1,0
BRDA:33,5,0,0
BRDA:33,5,1,0
BRDA:44,6,0,0
BRDA:44,6,1,0
BRDA:47,7,0,0
BRDA:47,7,1,0
BRDA:50,8,0,0
BRDA:50,8,1,0
BRDA:57,9,0,0
BRDA:57,9,1,0
BRDA:68,10,0,0
BRDA:68,10,1,0
BRDA:80,11,0,0
BRDA:80,11,1,0
BRF:24
BRH:0
end_of_record
TN:
SF:src/components/ui/AuthBackground.tsx
FN:8,AuthBackground
FNF:1
FNH:1
FNDA:2,AuthBackground
DA:9,2
LF:1
LH:1
BRF:0
BRH:0
end_of_record
TN:
SF:src/components/ui/BrandMark.tsx
FN:1,BrandMark
FNF:1
FNH:1
FNDA:2,BrandMark
DA:2,2
LF:1
LH:1
BRDA:1,0,0,2
BRF:1
BRH:1
end_of_record
TN:
SF:src/components/ui/Button.tsx
FN:23,Button
FN:42,LinkButton
FNF:2
FNH:1
FNDA:7,Button
FNDA:0,LinkButton
DA:7,1
DA:15,1
DA:24,7
DA:43,0
LF:4
LH:3
BRDA:23,0,0,7
BRDA:23,1,0,7
BRDA:27,2,0,7
BRDA:27,2,1,6
BRDA:30,3,0,2
BRDA:30,3,1,5
BRDA:42,4,0,0
BRDA:42,5,0,0
BRF:8
BRH:6
end_of_record
TN:
SF:src/components/ui/Card.tsx
FN:3,Card
FN:11,CardHeader
FN:23,CardBody
FNF:3
FNH:3
FNDA:2,Card
FNDA:3,CardHeader
FNDA:1,CardBody
DA:4,2
DA:12,3
DA:24,1
LF:3
LH:3
BRDA:3,0,0,2
BRDA:16,1,0,3
BRDA:16,1,1,1
BRDA:23,2,0,1
BRF:4
BRH:4
end_of_record
TN:
SF:src/components/ui/ConfirmDialog.tsx
FN:17,ConfirmDialogProvider
FN:20,(anonymous_1)
FN:21,(anonymous_2)
FN:26,(anonymous_3)
FN:54,(anonymous_4)
FN:60,(anonymous_5)
FN:77,useConfirm
FNF:7
FNH:7
FNDA:14,ConfirmDialogProvider
FNDA:6,(anonymous_1)
FNDA:6,(anonymous_2)
FNDA:2,(anonymous_3)
FNDA:1,(anonymous_4)
FNDA:1,(anonymous_5)
FNDA:17,useConfirm
DA:15,1
DA:18,14
DA:20,14
DA:21,6
DA:22,6
DA:26,14
DA:27,2
DA:28,2
DA:31,14
DA:54,1
DA:60,1
DA:78,17
DA:79,17
DA:80,14
LF:14
LH:14
BRDA:34,0,0,14
BRDA:34,0,1,6
BRDA:40,1,0,4
BRDA:40,1,1,2
BRDA:47,2,0,6
BRDA:47,2,1,4
BRDA:62,3,0,4
BRDA:62,3,1,2
BRDA:67,4,0,6
BRDA:67,4,1,5
BRDA:79,5,0,2
BRDA:79,5,1,15
BRF:12
BRH:12
end_of_record
TN:
SF:src/components/ui/EmptyState.tsx
FN:4,EmptyState
FNF:1
FNH:1
FNDA:5,EmptyState
DA:15,5
LF:1
LH:1
BRDA:18,0,0,5
BRDA:18,0,1,4
BRDA:21,1,0,5
BRDA:21,1,1,1
BRDA:22,2,0,5
BRDA:22,2,1,1
BRF:6
BRH:6
end_of_record
TN:
SF:src/components/ui/Meter.tsx
FN:1,Meter
FNF:1
FNH:1
FNDA:4,Meter
DA:2,4
DA:3,4
LF:2
LH:2
BRDA:2,0,0,1
BRDA:2,0,1,3
BRDA:5,1,0,4
BRDA:5,1,1,3
BRF:4
BRH:4
end_of_record
TN:
SF:src/components/ui/Skeleton.tsx
FN:1,Skeleton
FN:5,TableSkeleton
FN:8,(anonymous_2)
FN:10,(anonymous_3)
FNF:4
FNH:4
FNDA:28,Skeleton
FNDA:2,TableSkeleton
FNDA:8,(anonymous_2)
FNDA:26,(anonymous_3)
DA:2,28
DA:6,2
DA:9,8
DA:11,26
LF:4
LH:4
BRDA:1,0,0,28
BRDA:5,1,0,2
BRDA:5,2,0,2
BRDA:11,3,0,8
BRDA:11,3,1,18
BRF:5
BRH:5
end_of_record
TN:
SF:src/components/ui/ToastProvider.tsx
FN:26,ToastProvider
FN:29,(anonymous_1)
FN:31,(anonymous_2)
FN:32,(anonymous_3)
FN:33,(anonymous_4)
FN:33,(anonymous_5)
FN:37,(anonymous_6)
FN:37,(anonymous_7)
FN:37,(anonymous_8)
FN:43,(anonymous_9)
FN:52,(anonymous_10)
FN:63,useToast
FNF:12
FNH:12
FNDA:12,ToastProvider
FNDA:5,(anonymous_1)
FNDA:5,(anonymous_2)
FNDA:1,(anonymous_3)
FNDA:1,(anonymous_4)
FNDA:1,(anonymous_5)
FNDA:1,(anonymous_6)
FNDA:1,(anonymous_7)
FNDA:1,(anonymous_8)
FNDA:5,(anonymous_9)
FNDA:1,(anonymous_10)
FNDA:15,useToast
DA:16,1
DA:18,1
DA:24,1
DA:27,12
DA:29,12
DA:30,5
DA:31,5
DA:32,5
DA:33,1
DA:37,12
DA:39,12
DA:44,5
DA:45,5
DA:52,1
DA:64,15
DA:65,15
DA:66,12
LF:17
LH:17
BRDA:29,0,0,5
BRDA:65,1,0,2
BRDA:65,1,1,13
BRF:3
BRH:3
end_of_record
TN:
SF:src/constants/permissions.ts
FN:23,(anonymous_0)
FN:25,(anonymous_1)
FN:59,getDependencies
FN:64,getDependents
FN:65,(anonymous_4)
FNF:5
FNH:5
FNDA:5,(anonymous_0)
FNDA:125,(anonymous_1)
FNDA:53,getDependencies
FNDA:2,getDependents
FNDA:50,(anonymous_4)
DA:4,1
DA:15,1
DA:23,5
DA:25,125
DA:31,1
DA:60,53
DA:65,2
DA:66,50
LF:8
LH:8
BRDA:60,0,0,53
BRDA:60,0,1,12
BRDA:66,1,0,50
BRDA:66,1,1,11
BRF:4
BRH:4
end_of_record
TN:
SF:src/context/AuthContext.tsx
FN:42,decodeJwtPayload
FN:49,buildUserFromToken
FN:57,(anonymous_2)
FN:69,AuthProvider
FN:76,(anonymous_4)
FN:89,(anonymous_5)
FN:102,(anonymous_6)
FN:107,(anonymous_7)
FN:118,(anonymous_8)
FN:122,(anonymous_9)
FN:135,(anonymous_10)
FN:139,(anonymous_11)
FN:140,(anonymous_12)
FN:165,useAuth
FNF:14
FNH:8
FNDA:2,decodeJwtPayload
FNDA:2,buildUserFromToken
FNDA:4,(anonymous_2)
FNDA:10,AuthProvider
FNDA:2,(anonymous_4)
FNDA:4,(anonymous_5)
FNDA:0,(anonymous_6)
FNDA:0,(anonymous_7)
FNDA:0,(anonymous_8)
FNDA:0,(anonymous_9)
FNDA:10,(anonymous_10)
FNDA:0,(anonymous_11)
FNDA:0,(anonymous_12)
FNDA:11,useAuth
DA:35,1
DA:43,2
DA:44,2
DA:45,2
DA:46,0
DA:50,2
DA:51,2
DA:54,2
DA:55,2
DA:57,4
DA:60,2
DA:70,10
DA:71,10
DA:72,10
DA:73,10
DA:74,10
DA:76,10
DA:77,2
DA:78,2
DA:79,2
DA:80,2
DA:82,0
DA:84,2
DA:89,10
DA:90,4
DA:91,4
DA:92,2
DA:93,2
DA:94,2
DA:95,2
DA:97,2
DA:99,4
DA:102,10
DA:103,0
DA:104,0
DA:107,10
DA:108,0
DA:109,0
DA:110,0
DA:111,0
DA:112,0
DA:113,0
DA:114,0
DA:118,10
DA:119,0
DA:122,10
DA:123,0
DA:124,0
DA:125,0
DA:126,0
DA:129,0
DA:130,0
DA:131,0
DA:132,0
DA:135,10
DA:136,10
DA:139,10
DA:140,0
DA:143,10
DA:166,11
DA:167,11
DA:168,10
LF:62
LH:41
BRDA:51,0,0,0
BRDA:51,0,1,2
BRDA:54,1,0,2
BRDA:54,1,1,0
BRDA:61,2,0,2
BRDA:61,2,1,0
BRDA:62,3,0,2
BRDA:62,3,1,0
BRDA:62,3,2,0
BRDA:63,4,0,2
BRDA:63,4,1,0
BRDA:64,5,0,2
BRDA:64,5,1,0
BRDA:91,6,0,2
BRDA:91,6,1,2
BRDA:93,7,0,2
BRDA:93,7,1,0
BRDA:95,8,0,2
BRDA:95,8,1,0
BRDA:112,9,0,0
BRDA:112,9,1,0
BRDA:114,10,0,0
BRDA:114,10,1,0
BRDA:125,11,0,0
BRDA:125,11,1,0
BRDA:136,12,0,10
BRDA:136,12,1,6
BRDA:140,13,0,0
BRDA:140,13,1,0
BRDA:167,14,0,1
BRDA:167,14,1,10
BRF:31
BRH:14
end_of_record
TN:
SF:src/navigation/menuRoutes.tsx
FN:56,isInternalAdminUrl
FN:57,(anonymous_1)
FN:66,buildExternalRoutesFromMenu
FN:69,walk
FNF:4
FNH:0
FNDA:0,isInternalAdminUrl
FNDA:0,(anonymous_1)
FNDA:0,buildExternalRoutesFromMenu
FNDA:0,walk
DA:29,0
DA:53,0
DA:57,0
DA:67,0
DA:70,0
DA:71,0
DA:72,0
DA:77,0
DA:81,0
DA:82,0
LF:10
LH:0
BRDA:57,0,0,0
BRDA:57,0,1,0
BRDA:71,1,0,0
BRDA:71,1,1,0
BRDA:71,2,0,0
BRDA:71,2,1,0
BRDA:77,3,0,0
BRDA:77,3,1,0
BRF:8
BRH:0
end_of_record
TN:
SF:src/pages/Dashboard.tsx
FN:29,flattenTree
FN:38,TreeNode
FN:49,(anonymous_2)
FN:68,(anonymous_3)
FN:93,greeting
FN:100,Dashboard
FN:111,(anonymous_6)
FN:120,(anonymous_7)
FN:120,(anonymous_8)
FN:120,(anonymous_9)
FN:123,(anonymous_10)
FN:123,(anonymous_11)
FN:123,(anonymous_12)
FN:128,(anonymous_13)
FN:129,(anonymous_14)
FN:130,(anonymous_15)
FN:132,(anonymous_16)
FN:136,(anonymous_17)
FN:177,(anonymous_18)
FN:201,(anonymous_19)
FN:201,(anonymous_20)
FN:204,(anonymous_21)
FN:237,(anonymous_22)
FN:237,(anonymous_23)
FN:240,(anonymous_24)
FN:273,(anonymous_25)
FN:305,(anonymous_26)
FN:325,(anonymous_27)
FN:327,(anonymous_28)
FN:330,(anonymous_29)
FNF:30
FNH:0
FNDA:0,flattenTree
FNDA:0,TreeNode
FNDA:0,(anonymous_2)
FNDA:0,(anonymous_3)
FNDA:0,greeting
FNDA:0,Dashboard
FNDA:0,(anonymous_6)
FNDA:0,(anonymous_7)
FNDA:0,(anonymous_8)
FNDA:0,(anonymous_9)
FNDA:0,(anonymous_10)
FNDA:0,(anonymous_11)
FNDA:0,(anonymous_12)
FNDA:0,(anonymous_13)
FNDA:0,(anonymous_14)
FNDA:0,(anonymous_15)
FNDA:0,(anonymous_16)
FNDA:0,(anonymous_17)
FNDA:0,(anonymous_18)
FNDA:0,(anonymous_19)
FNDA:0,(anonymous_20)
FNDA:0,(anonymous_21)
FNDA:0,(anonymous_22)
FNDA:0,(anonymous_23)
FNDA:0,(anonymous_24)
FNDA:0,(anonymous_25)
FNDA:0,(anonymous_26)
FNDA:0,(anonymous_27)
FNDA:0,(anonymous_28)
FNDA:0,(anonymous_29)
DA:30,0
DA:31,0
DA:32,0
DA:33,0
DA:35,0
DA:39,0
DA:40,0
DA:41,0
DA:49,0
DA:69,0
DA:77,0
DA:83,0
DA:91,0
DA:94,0
DA:95,0
DA:96,0
DA:97,0
DA:101,0
DA:102,0
DA:103,0
DA:104,0
DA:105,0
DA:107,0
DA:111,0
DA:112,0
DA:113,0
DA:114,0
DA:117,0
DA:119,0
DA:120,0
DA:122,0
DA:123,0
DA:125,0
DA:126,0
DA:129,0
DA:130,0
DA:136,0
DA:139,0
DA:141,0
DA:142,0
DA:161,0
DA:178,0
DA:201,0
DA:202,0
DA:204,0
DA:237,0
DA:238,0
DA:240,0
DA:274,0
DA:306,0
DA:325,0
DA:328,0
DA:330,0
LF:53
LH:0
BRDA:33,0,0,0
BRDA:33,0,1,0
BRDA:47,1,0,0
BRDA:47,1,1,0
BRDA:52,2,0,0
BRDA:52,2,1,0
BRDA:56,3,0,0
BRDA:56,3,1,0
BRDA:59,4,0,0
BRDA:59,4,1,0
BRDA:62,5,0,0
BRDA:62,5,1,0
BRDA:66,6,0,0
BRDA:66,6,1,0
BRDA:66,6,2,0
BRDA:95,7,0,0
BRDA:95,7,1,0
BRDA:96,8,0,0
BRDA:96,8,1,0
BRDA:112,9,0,0
BRDA:112,9,1,0
BRDA:119,10,0,0
BRDA:119,10,1,0
BRDA:122,11,0,0
BRDA:122,11,1,0
BRDA:125,12,0,0
BRDA:125,12,1,0
BRDA:141,13,0,0
BRDA:141,13,1,0
BRDA:154,14,0,0
BRDA:154,14,1,0
BRDA:173,15,0,0
BRDA:173,15,1,0
BRDA:213,16,0,0
BRDA:213,16,1,0
BRDA:223,17,0,0
BRDA:223,17,1,0
BRDA:233,18,0,0
BRDA:233,18,1,0
BRDA:252,19,0,0
BRDA:252,19,1,0
BRDA:259,20,0,0
BRDA:259,20,1,0
BRDA:265,21,0,0
BRDA:265,21,1,0
BRDA:290,22,0,0
BRDA:290,22,1,0
BRDA:301,23,0,0
BRDA:301,23,1,0
BRDA:309,24,0,0
BRDA:309,24,1,0
BRDA:310,25,0,0
BRDA:310,25,1,0
BRDA:312,26,0,0
BRDA:312,26,1,0
BRDA:320,27,0,0
BRDA:320,27,1,0
BRF:57
BRH:0
end_of_record
TN:
SF:src/pages/ExternalModuleView.tsx
FN:12,ExternalModuleView
FNF:1
FNH:0
FNDA:0,ExternalModuleView
DA:13,0
LF:1
LH:0
BRF:0
BRH:0
end_of_record
TN:
SF:src/pages/Login.tsx
FN:10,Login
FN:19,(anonymous_1)
FN:58,(anonymous_2)
FN:73,(anonymous_3)
FN:80,(anonymous_4)
FN:80,(anonymous_5)
FNF:6
FNH:0
FNDA:0,Login
FNDA:0,(anonymous_1)
FNDA:0,(anonymous_2)
FNDA:0,(anonymous_3)
FNDA:0,(anonymous_4)
FNDA:0,(anonymous_5)
DA:11,0
DA:12,0
DA:13,0
DA:14,0
DA:15,0
DA:16,0
DA:17,0
DA:19,0
DA:20,0
DA:21,0
DA:22,0
DA:23,0
DA:24,0
DA:25,0
DA:27,0
DA:29,0
DA:33,0
DA:58,0
DA:73,0
DA:80,0
LF:20
LH:0
BRDA:45,0,0,0
BRDA:45,0,1,0
BRDA:71,1,0,0
BRDA:71,1,1,0
BRDA:82,2,0,0
BRDA:82,2,1,0
BRDA:85,3,0,0
BRDA:85,3,1,0
BRF:8
BRH:0
end_of_record
TN:
SF:src/pages/Register.tsx
FN:18,Register
FN:25,(anonymous_1)
FN:26,(anonymous_2)
FN:29,(anonymous_3)
FN:62,(anonymous_4)
FNF:5
FNH:0
FNDA:0,Register
FNDA:0,(anonymous_1)
FNDA:0,(anonymous_2)
FNDA:0,(anonymous_3)
FNDA:0,(anonymous_4)
DA:10,0
DA:19,0
DA:20,0
DA:21,0
DA:22,0
DA:23,0
DA:25,0
DA:26,0
DA:29,0
DA:30,0
DA:31,0
DA:32,0
DA:33,0
DA:34,0
DA:35,0
DA:36,0
DA:37,0
DA:39,0
DA:40,0
DA:43,0
DA:63,0
DA:64,0
LF:22
LH:0
BRDA:32,0,0,0
BRDA:32,0,1,0
BRDA:55,1,0,0
BRDA:55,1,1,0
BRF:4
BRH:0
end_of_record
TN:
SF:src/pages/SelectRole.tsx
FN:14,iconForRole
FN:26,SelectRole
FN:39,(anonymous_2)
FN:74,(anonymous_3)
FN:80,(anonymous_4)
FNF:5
FNH:0
FNDA:0,iconForRole
FNDA:0,SelectRole
FNDA:0,(anonymous_2)
FNDA:0,(anonymous_3)
FNDA:0,(anonymous_4)
DA:15,0
DA:16,0
DA:17,0
DA:18,0
DA:27,0
DA:28,0
DA:29,0
DA:30,0
DA:32,0
DA:33,0
DA:35,0
DA:36,0
DA:39,0
DA:40,0
DA:41,0
DA:42,0
DA:43,0
DA:44,0
DA:46,0
DA:48,0
DA:52,0
DA:75,0
DA:76,0
DA:77,0
DA:80,0
LF:25
LH:0
BRDA:16,0,0,0
BRDA:16,0,1,0
BRDA:17,1,0,0
BRDA:17,1,1,0
BRDA:17,2,0,0
BRDA:17,2,1,0
BRDA:35,3,0,0
BRDA:35,3,1,0
BRDA:66,4,0,0
BRDA:66,4,1,0
BRDA:72,5,0,0
BRDA:72,5,1,0
BRDA:86,6,0,0
BRDA:86,6,1,0
BRF:14
BRH:0
end_of_record
TN:
SF:src/pages/menus/MenuForm.tsx
FN:15,MenuForm
FN:35,(anonymous_1)
FN:36,(anonymous_2)
FN:51,(anonymous_3)
FN:71,(anonymous_4)
FN:73,(anonymous_5)
FN:75,(anonymous_6)
FN:77,(anonymous_7)
FN:80,(anonymous_8)
FN:84,(anonymous_9)
FN:183,(anonymous_10)
FN:201,(anonymous_11)
FN:230,(anonymous_12)
FNF:13
FNH:0
FNDA:0,MenuForm
FNDA:0,(anonymous_1)
FNDA:0,(anonymous_2)
FNDA:0,(anonymous_3)
FNDA:0,(anonymous_4)
FNDA:0,(anonymous_5)
FNDA:0,(anonymous_6)
FNDA:0,(anonymous_7)
FNDA:0,(anonymous_8)
FNDA:0,(anonymous_9)
FNDA:0,(anonymous_10)
FNDA:0,(anonymous_11)
FNDA:0,(anonymous_12)
DA:13,0
DA:16,0
DA:17,0
DA:18,0
DA:19,0
DA:20,0
DA:22,0
DA:29,0
DA:30,0
DA:31,0
DA:32,0
DA:33,0
DA:35,0
DA:36,0
DA:37,0
DA:38,0
DA:39,0
DA:40,0
DA:42,0
DA:44,0
DA:45,0
DA:47,0
DA:48,0
DA:50,0
DA:51,0
DA:52,0
DA:53,0
DA:65,0
DA:68,0
DA:71,0
DA:73,0
DA:74,0
DA:75,0
DA:76,0
DA:77,0
DA:79,0
DA:80,0
DA:84,0
DA:85,0
DA:86,0
DA:88,0
DA:89,0
DA:90,0
DA:93,0
DA:94,0
DA:95,0
DA:96,0
DA:102,0
DA:110,0
DA:111,0
DA:113,0
DA:115,0
DA:119,0
DA:120,0
DA:135,0
DA:184,0
DA:202,0
DA:230,0
LF:58
LH:0
BRDA:39,0,0,0
BRDA:39,0,1,0
BRDA:40,1,0,0
BRDA:40,1,1,0
BRDA:40,2,0,0
BRDA:40,2,1,0
BRDA:47,3,0,0
BRDA:47,3,1,0
BRDA:48,4,0,0
BRDA:48,4,1,0
BRDA:50,5,0,0
BRDA:50,5,1,0
BRDA:50,6,0,0
BRDA:50,6,1,0
BRDA:50,6,2,0
BRDA:52,7,0,0
BRDA:52,7,1,0
BRDA:55,8,0,0
BRDA:55,8,1,0
BRDA:57,9,0,0
BRDA:57,9,1,0
BRDA:71,10,0,0
BRDA:71,10,1,0
BRDA:74,11,0,0
BRDA:74,11,1,0
BRDA:76,12,0,0
BRDA:76,12,1,0
BRDA:88,13,0,0
BRDA:88,13,1,0
BRDA:88,14,0,0
BRDA:88,14,1,0
BRDA:95,15,0,0
BRDA:95,15,1,0
BRDA:95,16,0,0
BRDA:95,16,1,0
BRDA:97,17,0,0
BRDA:97,17,1,0
BRDA:98,18,0,0
BRDA:98,18,1,0
BRDA:104,19,0,0
BRDA:104,19,1,0
BRDA:106,20,0,0
BRDA:106,20,1,0
BRDA:110,21,0,0
BRDA:110,21,1,0
BRDA:119,22,0,0
BRDA:119,22,1,0
BRDA:137,23,0,0
BRDA:137,23,1,0
BRDA:138,24,0,0
BRDA:138,24,1,0
BRDA:172,25,0,0
BRDA:172,25,1,0
BRDA:190,26,0,0
BRDA:190,26,1,0
BRDA:206,27,0,0
BRDA:206,27,1,0
BRDA:228,28,0,0
BRDA:228,28,1,0
BRF:59
BRH:0
end_of_record
TN:
SF:src/pages/menus/MenuTree.tsx
FN:14,TreeNode
FN:41,(anonymous_1)
FN:69,(anonymous_2)
FN:74,(anonymous_3)
FN:82,(anonymous_4)
FN:101,MenuTree
FN:122,(anonymous_6)
FN:125,(anonymous_7)
FN:126,(anonymous_8)
FN:128,(anonymous_9)
FN:131,(anonymous_10)
FN:137,(anonymous_11)
FN:138,(anonymous_12)
FN:141,(anonymous_13)
FN:146,(anonymous_14)
FN:162,(anonymous_15)
FN:179,(anonymous_16)
FN:212,(anonymous_17)
FN:216,(anonymous_18)
FN:220,(anonymous_19)
FN:225,(anonymous_20)
FN:248,(anonymous_21)
FN:252,(anonymous_22)
FN:272,(anonymous_23)
FNF:24
FNH:0
FNDA:0,TreeNode
FNDA:0,(anonymous_1)
FNDA:0,(anonymous_2)
FNDA:0,(anonymous_3)
FNDA:0,(anonymous_4)
FNDA:0,MenuTree
FNDA:0,(anonymous_6)
FNDA:0,(anonymous_7)
FNDA:0,(anonymous_8)
FNDA:0,(anonymous_9)
FNDA:0,(anonymous_10)
FNDA:0,(anonymous_11)
FNDA:0,(anonymous_12)
FNDA:0,(anonymous_13)
FNDA:0,(anonymous_14)
FNDA:0,(anonymous_15)
FNDA:0,(anonymous_16)
FNDA:0,(anonymous_17)
FNDA:0,(anonymous_18)
FNDA:0,(anonymous_19)
FNDA:0,(anonymous_20)
FNDA:0,(anonymous_21)
FNDA:0,(anonymous_22)
FNDA:0,(anonymous_23)
DA:33,0
DA:34,0
DA:36,0
DA:41,0
DA:69,0
DA:74,0
DA:83,0
DA:102,0
DA:103,0
DA:104,0
DA:105,0
DA:106,0
DA:107,0
DA:108,0
DA:109,0
DA:110,0
DA:112,0
DA:113,0
DA:114,0
DA:115,0
DA:117,0
DA:118,0
DA:119,0
DA:120,0
DA:122,0
DA:123,0
DA:126,0
DA:128,0
DA:131,0
DA:132,0
DA:133,0
DA:134,0
DA:135,0
DA:137,0
DA:138,0
DA:141,0
DA:142,0
DA:143,0
DA:146,0
DA:147,0
DA:152,0
DA:153,0
DA:154,0
DA:155,0
DA:156,0
DA:158,0
DA:162,0
DA:163,0
DA:169,0
DA:170,0
DA:171,0
DA:172,0
DA:173,0
DA:175,0
DA:179,0
DA:180,0
DA:181,0
DA:182,0
DA:183,0
DA:184,0
DA:185,0
DA:186,0
DA:187,0
DA:189,0
DA:193,0
DA:212,0
DA:216,0
DA:220,0
DA:225,0
DA:248,0
DA:252,0
DA:273,0
LF:72
LH:0
BRDA:16,0,0,0
BRDA:37,1,0,0
BRDA:37,1,1,0
BRDA:39,2,0,0
BRDA:39,2,1,0
BRDA:44,3,0,0
BRDA:44,3,1,0
BRDA:49,4,0,0
BRDA:49,4,1,0
BRDA:50,5,0,0
BRDA:50,5,1,0
BRDA:59,6,0,0
BRDA:59,6,1,0
BRDA:63,7,0,0
BRDA:63,7,1,0
BRDA:68,8,0,0
BRDA:68,8,1,0
BRDA:73,9,0,0
BRDA:73,9,1,0
BRDA:73,9,2,0
BRDA:80,10,0,0
BRDA:80,10,1,0
BRDA:80,10,2,0
BRDA:132,11,0,0
BRDA:132,11,1,0
BRDA:152,12,0,0
BRDA:152,12,1,0
BRDA:155,13,0,0
BRDA:155,13,1,0
BRDA:169,14,0,0
BRDA:169,14,1,0
BRDA:180,15,0,0
BRDA:180,15,1,0
BRDA:180,16,0,0
BRDA:180,16,1,0
BRDA:186,17,0,0
BRDA:186,17,1,0
BRDA:197,18,0,0
BRDA:197,18,1,0
BRDA:204,19,0,0
BRDA:204,19,1,0
BRDA:208,20,0,0
BRDA:208,20,1,0
BRDA:229,21,0,0
BRDA:229,21,1,0
BRDA:243,22,0,0
BRDA:243,22,1,0
BRDA:257,23,0,0
BRDA:257,23,1,0
BRDA:265,24,0,0
BRDA:265,24,1,0
BRDA:267,25,0,0
BRDA:267,25,1,0
BRDA:267,25,2,0
BRDA:267,25,3,0
BRDA:268,26,0,0
BRDA:268,26,1,0
BRDA:288,27,0,0
BRDA:288,27,1,0
BRDA:288,27,2,0
BRF:60
BRH:0
end_of_record
TN:
SF:src/pages/modules/ModuleForm.tsx
FN:13,ModuleForm
FN:26,(anonymous_1)
FN:32,(anonymous_2)
FN:33,(anonymous_3)
FN:37,(anonymous_4)
FN:39,(anonymous_5)
FN:42,(anonymous_6)
FN:84,(anonymous_7)
FNF:8
FNH:0
FNDA:0,ModuleForm
FNDA:0,(anonymous_1)
FNDA:0,(anonymous_2)
FNDA:0,(anonymous_3)
FNDA:0,(anonymous_4)
FNDA:0,(anonymous_5)
FNDA:0,(anonymous_6)
FNDA:0,(anonymous_7)
DA:11,0
DA:14,0
DA:15,0
DA:16,0
DA:17,0
DA:18,0
DA:19,0
DA:20,0
DA:21,0
DA:23,0
DA:24,0
DA:26,0
DA:27,0
DA:28,0
DA:29,0
DA:31,0
DA:32,0
DA:33,0
DA:37,0
DA:38,0
DA:39,0
DA:42,0
DA:43,0
DA:44,0
DA:45,0
DA:46,0
DA:47,0
DA:48,0
DA:49,0
DA:50,0
DA:52,0
DA:53,0
DA:56,0
DA:84,0
LF:34
LH:0
BRDA:27,0,0,0
BRDA:27,0,1,0
BRDA:27,1,0,0
BRDA:27,1,1,0
BRDA:31,2,0,0
BRDA:31,2,1,0
BRDA:32,3,0,0
BRDA:32,3,1,0
BRDA:38,4,0,0
BRDA:38,4,1,0
BRDA:47,5,0,0
BRDA:47,5,1,0
BRDA:49,6,0,0
BRDA:49,6,1,0
BRDA:58,7,0,0
BRDA:58,7,1,0
BRDA:59,8,0,0
BRDA:59,8,1,0
BRDA:82,9,0,0
BRDA:82,9,1,0
BRF:20
BRH:0
end_of_record
TN:
SF:src/pages/modules/ModuleList.tsx
FN:14,ModuleList
FN:31,(anonymous_1)
FN:38,(anonymous_2)
FN:42,(anonymous_3)
FN:43,(anonymous_4)
FN:48,(anonymous_5)
FN:64,(anonymous_6)
FN:79,(anonymous_7)
FN:113,(anonymous_8)
FN:117,(anonymous_9)
FN:121,(anonymous_10)
FN:125,(anonymous_11)
FN:150,(anonymous_12)
FN:170,(anonymous_13)
FN:175,(anonymous_14)
FNF:15
FNH:0
FNDA:0,ModuleList
FNDA:0,(anonymous_1)
FNDA:0,(anonymous_2)
FNDA:0,(anonymous_3)
FNDA:0,(anonymous_4)
FNDA:0,(anonymous_5)
FNDA:0,(anonymous_6)
FNDA:0,(anonymous_7)
FNDA:0,(anonymous_8)
FNDA:0,(anonymous_9)
FNDA:0,(anonymous_10)
FNDA:0,(anonymous_11)
FNDA:0,(anonymous_12)
FNDA:0,(anonymous_13)
FNDA:0,(anonymous_14)
DA:15,0
DA:16,0
DA:17,0
DA:18,0
DA:19,0
DA:20,0
DA:21,0
DA:22,0
DA:23,0
DA:24,0
DA:26,0
DA:27,0
DA:28,0
DA:29,0
DA:31,0
DA:32,0
DA:33,0
DA:34,0
DA:35,0
DA:37,0
DA:39,0
DA:40,0
DA:42,0
DA:43,0
DA:46,0
DA:48,0
DA:49,0
DA:54,0
DA:55,0
DA:56,0
DA:57,0
DA:58,0
DA:60,0
DA:64,0
DA:65,0
DA:69,0
DA:70,0
DA:71,0
DA:72,0
DA:73,0
DA:75,0
DA:79,0
DA:80,0
DA:81,0
DA:82,0
DA:83,0
DA:84,0
DA:85,0
DA:86,0
DA:88,0
DA:92,0
DA:94,0
DA:113,0
DA:117,0
DA:121,0
DA:125,0
DA:151,0
DA:170,0
DA:175,0
LF:59
LH:0
BRDA:35,0,0,0
BRDA:35,0,1,0
BRDA:40,1,0,0
BRDA:40,1,1,0
BRDA:54,2,0,0
BRDA:54,2,1,0
BRDA:69,3,0,0
BRDA:69,3,1,0
BRDA:80,4,0,0
BRDA:80,4,1,0
BRDA:80,5,0,0
BRDA:80,5,1,0
BRDA:92,6,0,0
BRDA:92,6,1,0
BRDA:98,7,0,0
BRDA:98,7,1,0
BRDA:105,8,0,0
BRDA:105,8,1,0
BRDA:109,9,0,0
BRDA:109,9,1,0
BRDA:134,10,0,0
BRDA:134,10,1,0
BRDA:136,11,0,0
BRDA:136,11,1,0
BRDA:157,12,0,0
BRDA:157,12,1,0
BRDA:164,13,0,0
BRDA:164,13,1,0
BRDA:164,13,2,0
BRDA:169,14,0,0
BRDA:169,14,1,0
BRDA:169,14,2,0
BRDA:174,15,0,0
BRDA:174,15,1,0
BRDA:174,15,2,0
BRF:35
BRH:0
end_of_record
TN:
SF:src/pages/roles/RoleDetail.tsx
FN:16,RoleDetail
FN:35,(anonymous_1)
FN:49,(anonymous_2)
FN:55,(anonymous_3)
FN:56,(anonymous_4)
FN:61,(anonymous_5)
FN:66,(anonymous_6)
FN:77,(anonymous_7)
FN:77,(anonymous_8)
FN:81,(anonymous_9)
FN:85,(anonymous_10)
FN:94,(anonymous_11)
FN:140,(anonymous_12)
FN:144,(anonymous_13)
FN:165,(anonymous_14)
FN:169,(anonymous_15)
FN:172,(anonymous_16)
FN:177,(anonymous_17)
FN:213,(anonymous_18)
FN:224,(anonymous_19)
FN:242,(anonymous_20)
FNF:21
FNH:0
FNDA:0,RoleDetail
FNDA:0,(anonymous_1)
FNDA:0,(anonymous_2)
FNDA:0,(anonymous_3)
FNDA:0,(anonymous_4)
FNDA:0,(anonymous_5)
FNDA:0,(anonymous_6)
FNDA:0,(anonymous_7)
FNDA:0,(anonymous_8)
FNDA:0,(anonymous_9)
FNDA:0,(anonymous_10)
FNDA:0,(anonymous_11)
FNDA:0,(anonymous_12)
FNDA:0,(anonymous_13)
FNDA:0,(anonymous_14)
FNDA:0,(anonymous_15)
FNDA:0,(anonymous_16)
FNDA:0,(anonymous_17)
FNDA:0,(anonymous_18)
FNDA:0,(anonymous_19)
FNDA:0,(anonymous_20)
DA:17,0
DA:18,0
DA:19,0
DA:20,0
DA:21,0
DA:23,0
DA:24,0
DA:25,0
DA:26,0
DA:27,0
DA:28,0
DA:30,0
DA:32,0
DA:33,0
DA:35,0
DA:36,0
DA:37,0
DA:38,0
DA:39,0
DA:44,0
DA:45,0
DA:48,0
DA:50,0
DA:51,0
DA:52,0
DA:53,0
DA:55,0
DA:56,0
DA:59,0
DA:61,0
DA:62,0
DA:63,0
DA:64,0
DA:65,0
DA:66,0
DA:67,0
DA:68,0
DA:74,0
DA:76,0
DA:77,0
DA:79,0
DA:80,0
DA:81,0
DA:82,0
DA:83,0
DA:85,0
DA:87,0
DA:89,0
DA:90,0
DA:94,0
DA:95,0
DA:96,0
DA:101,0
DA:102,0
DA:103,0
DA:104,0
DA:105,0
DA:107,0
DA:111,0
DA:112,0
DA:128,0
DA:129,0
DA:131,0
DA:140,0
DA:144,0
DA:166,0
DA:170,0
DA:171,0
DA:172,0
DA:173,0
DA:177,0
DA:214,0
DA:224,0
DA:243,0
LF:74
LH:0
BRDA:36,0,0,0
BRDA:36,0,1,0
BRDA:44,1,0,0
BRDA:44,1,1,0
BRDA:53,2,0,0
BRDA:53,2,1,0
BRDA:62,3,0,0
BRDA:62,3,1,0
BRDA:65,4,0,0
BRDA:65,4,1,0
BRDA:66,5,0,0
BRDA:66,5,1,0
BRDA:67,6,0,0
BRDA:67,6,1,0
BRDA:74,7,0,0
BRDA:74,7,1,0
BRDA:87,8,0,0
BRDA:87,8,1,0
BRDA:89,9,0,0
BRDA:89,9,1,0
BRDA:95,10,0,0
BRDA:95,10,1,0
BRDA:101,11,0,0
BRDA:101,11,1,0
BRDA:111,12,0,0
BRDA:111,12,1,0
BRDA:128,13,0,0
BRDA:128,13,1,0
BRDA:129,14,0,0
BRDA:129,14,1,0
BRDA:139,15,0,0
BRDA:139,15,1,0
BRDA:150,16,0,0
BRDA:150,16,1,0
BRDA:161,17,0,0
BRDA:161,17,1,0
BRDA:178,18,0,0
BRDA:178,18,1,0
BRDA:180,19,0,0
BRDA:180,19,1,0
BRDA:186,20,0,0
BRDA:186,20,1,0
BRDA:186,20,2,0
BRDA:205,21,0,0
BRDA:205,21,1,0
BRDA:219,22,0,0
BRDA:219,22,1,0
BRDA:237,23,0,0
BRDA:237,23,1,0
BRF:49
BRH:0
end_of_record
TN:
SF:src/pages/roles/RoleForm.tsx
FN:12,RoleForm
FN:21,(anonymous_1)
FN:23,(anonymous_2)
FN:23,(anonymous_3)
FN:27,(anonymous_4)
FN:28,(anonymous_5)
FN:31,(anonymous_6)
FN:83,(anonymous_7)
FNF:8
FNH:0
FNDA:0,RoleForm
FNDA:0,(anonymous_1)
FNDA:0,(anonymous_2)
FNDA:0,(anonymous_3)
FNDA:0,(anonymous_4)
FNDA:0,(anonymous_5)
FNDA:0,(anonymous_6)
FNDA:0,(anonymous_7)
DA:10,0
DA:13,0
DA:14,0
DA:15,0
DA:16,0
DA:17,0
DA:18,0
DA:19,0
DA:21,0
DA:22,0
DA:23,0
DA:27,0
DA:28,0
DA:31,0
DA:32,0
DA:33,0
DA:34,0
DA:35,0
DA:36,0
DA:37,0
DA:38,0
DA:39,0
DA:41,0
DA:42,0
DA:45,0
DA:83,0
LF:26
LH:0
BRDA:22,0,0,0
BRDA:22,0,1,0
BRDA:36,1,0,0
BRDA:36,1,1,0
BRDA:38,2,0,0
BRDA:38,2,1,0
BRDA:47,3,0,0
BRDA:47,3,1,0
BRDA:48,4,0,0
BRDA:48,4,1,0
BRDA:51,5,0,0
BRDA:51,5,1,0
BRDA:81,6,0,0
BRDA:81,6,1,0
BRF:14
BRH:0
end_of_record
TN:
SF:src/pages/roles/RoleList.tsx
FN:13,RoleList
FN:25,(anonymous_1)
FN:30,(anonymous_2)
FN:31,(anonymous_3)
FN:36,(anonymous_4)
FN:98,(anonymous_5)
FN:125,(anonymous_6)
FNF:7
FNH:0
FNDA:0,RoleList
FNDA:0,(anonymous_1)
FNDA:0,(anonymous_2)
FNDA:0,(anonymous_3)
FNDA:0,(anonymous_4)
FNDA:0,(anonymous_5)
FNDA:0,(anonymous_6)
DA:14,0
DA:15,0
DA:16,0
DA:17,0
DA:18,0
DA:19,0
DA:21,0
DA:22,0
DA:23,0
DA:25,0
DA:26,0
DA:27,0
DA:28,0
DA:30,0
DA:31,0
DA:34,0
DA:36,0
DA:37,0
DA:42,0
DA:43,0
DA:44,0
DA:45,0
DA:46,0
DA:48,0
DA:52,0
DA:53,0
DA:61,0
DA:99,0
DA:125,0
LF:29
LH:0
BRDA:42,0,0,0
BRDA:42,0,1,0
BRDA:52,1,0,0
BRDA:52,1,1,0
BRDA:65,2,0,0
BRDA:65,2,1,0
BRDA:72,3,0,0
BRDA:72,3,1,0
BRDA:74,4,0,0
BRDA:74,4,1,0
BRDA:79,5,0,0
BRDA:79,5,1,0
BRDA:104,6,0,0
BRDA:104,6,1,0
BRDA:115,7,0,0
BRDA:115,7,1,0
BRDA:120,8,0,0
BRDA:120,8,1,0
BRF:18
BRH:0
end_of_record
TN:
SF:src/pages/services/ServiceForm.tsx
FN:14,ServiceForm
FN:30,(anonymous_1)
FN:33,(anonymous_2)
FN:34,(anonymous_3)
FN:46,(anonymous_4)
FN:47,(anonymous_5)
FN:50,(anonymous_6)
FN:53,(anonymous_7)
FN:56,(anonymous_8)
FN:195,(anonymous_9)
FNF:10
FNH:0
FNDA:0,ServiceForm
FNDA:0,(anonymous_1)
FNDA:0,(anonymous_2)
FNDA:0,(anonymous_3)
FNDA:0,(anonymous_4)
FNDA:0,(anonymous_5)
FNDA:0,(anonymous_6)
FNDA:0,(anonymous_7)
FNDA:0,(anonymous_8)
FNDA:0,(anonymous_9)
DA:12,0
DA:15,0
DA:16,0
DA:17,0
DA:18,0
DA:20,0
DA:26,0
DA:27,0
DA:28,0
DA:30,0
DA:31,0
DA:32,0
DA:34,0
DA:35,0
DA:36,0
DA:43,0
DA:46,0
DA:47,0
DA:50,0
DA:53,0
DA:56,0
DA:57,0
DA:58,0
DA:59,0
DA:60,0
DA:61,0
DA:62,0
DA:66,0
DA:68,0
DA:74,0
DA:76,0
DA:78,0
DA:80,0
DA:84,0
DA:85,0
DA:100,0
DA:195,0
LF:37
LH:0
BRDA:31,0,0,0
BRDA:31,0,1,0
BRDA:35,1,0,0
BRDA:35,1,1,0
BRDA:61,2,0,0
BRDA:61,2,1,0
BRDA:61,3,0,0
BRDA:61,3,1,0
BRDA:84,4,0,0
BRDA:84,4,1,0
BRDA:102,5,0,0
BRDA:102,5,1,0
BRDA:103,6,0,0
BRDA:103,6,1,0
BRDA:110,7,0,0
BRDA:110,7,1,0
BRDA:124,8,0,0
BRDA:124,8,1,0
BRDA:166,9,0,0
BRDA:166,9,1,0
BRDA:170,10,0,0
BRDA:170,10,1,0
BRDA:176,11,0,0
BRDA:176,11,1,0
BRDA:182,12,0,0
BRDA:182,12,1,0
BRDA:193,13,0,0
BRDA:193,13,1,0
BRF:28
BRH:0
end_of_record
TN:
SF:src/pages/services/ServiceList.tsx
FN:13,ServiceList
FN:25,(anonymous_1)
FN:30,(anonymous_2)
FN:31,(anonymous_3)
FN:36,(anonymous_4)
FN:52,(anonymous_5)
FN:100,(anonymous_6)
FN:128,(anonymous_7)
FNF:8
FNH:0
FNDA:0,ServiceList
FNDA:0,(anonymous_1)
FNDA:0,(anonymous_2)
FNDA:0,(anonymous_3)
FNDA:0,(anonymous_4)
FNDA:0,(anonymous_5)
FNDA:0,(anonymous_6)
FNDA:0,(anonymous_7)
DA:14,0
DA:15,0
DA:16,0
DA:17,0
DA:18,0
DA:19,0
DA:21,0
DA:22,0
DA:23,0
DA:25,0
DA:26,0
DA:27,0
DA:28,0
DA:30,0
DA:31,0
DA:34,0
DA:36,0
DA:37,0
DA:42,0
DA:43,0
DA:44,0
DA:45,0
DA:46,0
DA:48,0
DA:52,0
DA:53,0
DA:54,0
DA:55,0
DA:58,0
DA:101,0
DA:102,0
DA:128,0
LF:32
LH:0
BRDA:42,0,0,0
BRDA:42,0,1,0
BRDA:53,1,0,0
BRDA:53,1,1,0
BRDA:54,2,0,0
BRDA:54,2,1,0
BRDA:65,3,0,0
BRDA:65,3,1,0
BRDA:72,4,0,0
BRDA:72,4,1,0
BRDA:77,5,0,0
BRDA:77,5,1,0
BRDA:79,6,0,0
BRDA:79,6,1,0
BRDA:94,7,0,0
BRDA:94,7,1,0
BRDA:94,7,2,0
BRDA:114,8,0,0
BRDA:114,8,1,0
BRDA:119,9,0,0
BRDA:119,9,1,0
BRDA:119,9,2,0
BRDA:122,10,0,0
BRDA:122,10,1,0
BRDA:127,11,0,0
BRDA:127,11,1,0
BRF:26
BRH:0
end_of_record
TN:
SF:src/pages/users/UserDetail.tsx
FN:15,UserDetail
FN:35,(anonymous_1)
FN:43,(anonymous_2)
FN:48,(anonymous_3)
FN:49,(anonymous_4)
FN:54,(anonymous_5)
FN:67,(anonymous_6)
FN:109,(anonymous_7)
FN:109,(anonymous_8)
FN:121,(anonymous_9)
FN:158,(anonymous_10)
FN:166,(anonymous_11)
FN:182,(anonymous_12)
FN:186,(anonymous_13)
FNF:14
FNH:0
FNDA:0,UserDetail
FNDA:0,(anonymous_1)
FNDA:0,(anonymous_2)
FNDA:0,(anonymous_3)
FNDA:0,(anonymous_4)
FNDA:0,(anonymous_5)
FNDA:0,(anonymous_6)
FNDA:0,(anonymous_7)
FNDA:0,(anonymous_8)
FNDA:0,(anonymous_9)
FNDA:0,(anonymous_10)
FNDA:0,(anonymous_11)
FNDA:0,(anonymous_12)
FNDA:0,(anonymous_13)
DA:16,0
DA:17,0
DA:18,0
DA:19,0
DA:20,0
DA:22,0
DA:23,0
DA:24,0
DA:25,0
DA:26,0
DA:27,0
DA:28,0
DA:30,0
DA:31,0
DA:32,0
DA:33,0
DA:35,0
DA:36,0
DA:37,0
DA:38,0
DA:39,0
DA:40,0
DA:42,0
DA:44,0
DA:45,0
DA:46,0
DA:48,0
DA:49,0
DA:52,0
DA:54,0
DA:55,0
DA:56,0
DA:57,0
DA:58,0
DA:59,0
DA:60,0
DA:61,0
DA:63,0
DA:67,0
DA:68,0
DA:69,0
DA:75,0
DA:76,0
DA:77,0
DA:78,0
DA:79,0
DA:80,0
DA:82,0
DA:86,0
DA:87,0
DA:99,0
DA:100,0
DA:107,0
DA:109,0
DA:111,0
DA:121,0
DA:159,0
DA:166,0
DA:182,0
DA:187,0
LF:60
LH:0
BRDA:36,0,0,0
BRDA:36,0,1,0
BRDA:40,1,0,0
BRDA:40,1,1,0
BRDA:46,2,0,0
BRDA:46,2,1,0
BRDA:55,3,0,0
BRDA:55,3,1,0
BRDA:55,4,0,0
BRDA:55,4,1,0
BRDA:68,5,0,0
BRDA:68,5,1,0
BRDA:75,6,0,0
BRDA:75,6,1,0
BRDA:86,7,0,0
BRDA:86,7,1,0
BRDA:99,8,0,0
BRDA:99,8,1,0
BRDA:107,9,0,0
BRDA:107,9,1,0
BRDA:116,10,0,0
BRDA:116,10,1,0
BRDA:134,11,0,0
BRDA:134,11,1,0
BRDA:144,12,0,0
BRDA:144,12,1,0
BRDA:151,13,0,0
BRDA:151,13,1,0
BRDA:164,14,0,0
BRDA:164,14,1,0
BRDA:164,14,2,0
BRDA:178,15,0,0
BRDA:178,15,1,0
BRDA:178,15,2,0
BRF:34
BRH:0
end_of_record
TN:
SF:src/pages/users/UserForm.tsx
FN:10,UserForm
FN:19,(anonymous_1)
FN:21,(anonymous_2)
FN:23,(anonymous_3)
FN:27,(anonymous_4)
FN:28,(anonymous_5)
FN:31,(anonymous_6)
FN:130,(anonymous_7)
FNF:8
FNH:0
FNDA:0,UserForm
FNDA:0,(anonymous_1)
FNDA:0,(anonymous_2)
FNDA:0,(anonymous_3)
FNDA:0,(anonymous_4)
FNDA:0,(anonymous_5)
FNDA:0,(anonymous_6)
FNDA:0,(anonymous_7)
DA:11,0
DA:12,0
DA:13,0
DA:14,0
DA:15,0
DA:16,0
DA:17,0
DA:19,0
DA:20,0
DA:21,0
DA:22,0
DA:23,0
DA:27,0
DA:28,0
DA:31,0
DA:32,0
DA:33,0
DA:34,0
DA:35,0
DA:36,0
DA:37,0
DA:38,0
DA:39,0
DA:41,0
DA:47,0
DA:48,0
DA:50,0
DA:52,0
DA:53,0
DA:56,0
DA:130,0
LF:31
LH:0
BRDA:20,0,0,0
BRDA:20,0,1,0
BRDA:34,1,0,0
BRDA:34,1,1,0
BRDA:34,2,0,0
BRDA:34,2,1,0
BRDA:37,3,0,0
BRDA:37,3,1,0
BRDA:58,4,0,0
BRDA:58,4,1,0
BRDA:59,5,0,0
BRDA:59,5,1,0
BRDA:68,6,0,0
BRDA:68,6,1,0
BRDA:100,7,0,0
BRDA:100,7,1,0
BRDA:128,8,0,0
BRDA:128,8,1,0
BRF:18
BRH:0
end_of_record
TN:
SF:src/pages/users/UserList.tsx
FN:16,UserList
FN:32,(anonymous_1)
FN:36,(anonymous_2)
FN:41,(anonymous_3)
FN:42,(anonymous_4)
FN:45,(anonymous_5)
FN:47,(anonymous_6)
FN:120,(anonymous_7)
FN:141,(anonymous_8)
FN:163,(anonymous_9)
FN:170,(anonymous_10)
FNF:11
FNH:0
FNDA:0,UserList
FNDA:0,(anonymous_1)
FNDA:0,(anonymous_2)
FNDA:0,(anonymous_3)
FNDA:0,(anonymous_4)
FNDA:0,(anonymous_5)
FNDA:0,(anonymous_6)
FNDA:0,(anonymous_7)
FNDA:0,(anonymous_8)
FNDA:0,(anonymous_9)
FNDA:0,(anonymous_10)
DA:14,0
DA:17,0
DA:18,0
DA:19,0
DA:20,0
DA:21,0
DA:22,0
DA:23,0
DA:24,0
DA:26,0
DA:27,0
DA:28,0
DA:30,0
DA:32,0
DA:33,0
DA:34,0
DA:35,0
DA:37,0
DA:38,0
DA:39,0
DA:41,0
DA:42,0
DA:45,0
DA:47,0
DA:48,0
DA:54,0
DA:55,0
DA:56,0
DA:57,0
DA:58,0
DA:60,0
DA:64,0
DA:65,0
DA:75,0
DA:76,0
DA:87,0
DA:121,0
DA:141,0
DA:163,0
DA:170,0
LF:40
LH:0
BRDA:32,0,0,0
BRDA:54,1,0,0
BRDA:54,1,1,0
BRDA:64,2,0,0
BRDA:64,2,1,0
BRDA:75,3,0,0
BRDA:75,3,1,0
BRDA:91,4,0,0
BRDA:91,4,1,0
BRDA:99,5,0,0
BRDA:99,5,1,0
BRDA:114,6,0,0
BRDA:114,6,1,0
BRDA:114,6,2,0
BRDA:127,7,0,0
BRDA:127,7,1,0
BRDA:133,8,0,0
BRDA:133,8,1,0
BRDA:133,8,2,0
BRDA:136,9,0,0
BRDA:136,9,1,0
BRDA:139,10,0,0
BRDA:139,10,1,0
BRDA:156,11,0,0
BRDA:156,11,1,0
BRF:25
BRH:0
end_of_record
